2026-06-12 01:04:27 [info]: User connected {
  "socketId": "u5cRZSCFo0hjbkHUAAAB"
}
2026-06-12 01:04:27 [info]: User connected {
  "socketId": "USRp0uvNsG_XxRPnAAAD"
}
2026-06-12 01:05:07 [info]: User disconnected {
  "socketId": "USRp0uvNsG_XxRPnAAAD"
}
2026-06-12 01:05:12 [info]: User connected {
  "socketId": "EFs5uwqTOpGpoX5WAAAF"
}
2026-06-12 01:05:21 [info]: User disconnected {
  "socketId": "EFs5uwqTOpGpoX5WAAAF"
}
2026-06-12 01:05:22 [info]: User connected {
  "socketId": "kCXEyp0fKpryu7KWAAAH"
}
2026-06-12 01:07:33 [info]: User disconnected {
  "socketId": "u5cRZSCFo0hjbkHUAAAB"
}
2026-06-12 01:07:33 [info]: User connected {
  "socketId": "CXiuQcTnO7-fInD4AAAJ"
}
2026-06-12 01:09:07 [info]: User connected {
  "socketId": "hZa7OECQVuj63YyGAAAM"
}
2026-06-12 01:09:07 [info]: User connected {
  "socketId": "yLMfd9z44XNFxCjVAAAO"
}
2026-06-12 01:09:07 [info]: User connected {
  "socketId": "OqbH6BElQGdj-__wAAAQ"
}
2026-06-12 01:09:07 [info]: User connected {
  "socketId": "FgWEcS06X_ivWOpJAAAR"
}
2026-06-12 01:09:13 [info]: User disconnected {
  "socketId": "kCXEyp0fKpryu7KWAAAH"
}
2026-06-12 01:09:13 [info]: User disconnected {
  "socketId": "yLMfd9z44XNFxCjVAAAO"
}
2026-06-12 01:09:13 [info]: User disconnected {
  "socketId": "hZa7OECQVuj63YyGAAAM"
}
2026-06-12 01:09:13 [info]: User connected {
  "socketId": "8AvyORqv_18TA9WWAAAT"
}
2026-06-12 01:09:33 [info]: User disconnected {
  "socketId": "OqbH6BElQGdj-__wAAAQ"
}
2026-06-12 01:09:33 [info]: User disconnected {
  "socketId": "CXiuQcTnO7-fInD4AAAJ"
}
2026-06-12 01:09:33 [info]: User disconnected {
  "socketId": "FgWEcS06X_ivWOpJAAAR"
}
2026-06-12 01:09:39 [info]: User disconnected {
  "socketId": "8AvyORqv_18TA9WWAAAT"
}
2026-06-12 01:09:39 [info]: User connected {
  "socketId": "RBG0OImLgg8Bwi40AAAV"
}
