2026-06-05 19:17:51 [error]: uncaughtException: eventsController is not defined
ReferenceError: eventsController is not defined
    at file:///C:/Users/DELL/NexaSphere/server/index.js:490:32
    at ModuleJob.run (node:internal/modules/esm/module_job:271:25)
    at async onImport.tracePromise.__proto__ (node:internal/modules/esm/loader:578:26)
    at async asyncRunEntryPointWithESMLoader (node:internal/modules/run_main:116:5) {
  "error": {},
  "stack": "ReferenceError: eventsController is not defined\n    at file:///C:/Users/DELL/NexaSphere/server/index.js:490:32\n    at ModuleJob.run (node:internal/modules/esm/module_job:271:25)\n    at async onImport.tracePromise.__proto__ (node:internal/modules/esm/loader:578:26)\n    at async asyncRunEntryPointWithESMLoader (node:internal/modules/run_main:116:5)",
  "exception": true,
  "date": "Fri Jun 05 2026 19:17:51 GMT+0530 (India Standard Time)",
  "process": {
    "pid": 4284,
    "uid": null,
    "gid": null,
    "cwd": "C:\\Users\\DELL\\NexaSphere\\server",
    "execPath": "C:\\Program Files\\nodejs\\node.exe",
    "version": "v22.14.0",
    "argv": [
      "C:\\Program Files\\nodejs\\node.exe",
      "C:\\Users\\DELL\\NexaSphere\\server\\index.js"
    ],
    "memoryUsage": {
      "rss": 132284416,
      "heapTotal": 92737536,
      "heapUsed": 66852464,
      "external": 2705253,
      "arrayBuffers": 17283
    }
  },
  "os": {
    "loadavg": [
      0,
      0,
      0
    ],
    "uptime": 33751.5
  },
  "trace": [
    {
      "column": 32,
      "file": "file:///C:/Users/DELL/NexaSphere/server/index.js",
      "function": null,
      "line": 490,
      "method": null,
      "native": false
    },
    {
      "column": 25,
      "file": "node:internal/modules/esm/module_job",
      "function": "ModuleJob.run",
      "line": 271,
      "method": "run",
      "native": false
    },
    {
      "column": 26,
      "file": "node:internal/modules/esm/loader",
      "function": "async onImport.tracePromise.__proto__",
      "line": 578,
      "method": "__proto__",
      "native": false
    },
    {
      "column": 5,
      "file": "node:internal/modules/run_main",
      "function": "async asyncRunEntryPointWithESMLoader",
      "line": 116,
      "method": null,
      "native": false
    }
  ]
}
2026-06-05 19:18:11 [error]: uncaughtException: eventsController is not defined
ReferenceError: eventsController is not defined
    at file:///C:/Users/DELL/NexaSphere/server/index.js:490:32
    at ModuleJob.run (node:internal/modules/esm/module_job:271:25)
    at async onImport.tracePromise.__proto__ (node:internal/modules/esm/loader:578:26)
    at async asyncRunEntryPointWithESMLoader (node:internal/modules/run_main:116:5) {
  "error": {},
  "stack": "ReferenceError: eventsController is not defined\n    at file:///C:/Users/DELL/NexaSphere/server/index.js:490:32\n    at ModuleJob.run (node:internal/modules/esm/module_job:271:25)\n    at async onImport.tracePromise.__proto__ (node:internal/modules/esm/loader:578:26)\n    at async asyncRunEntryPointWithESMLoader (node:internal/modules/run_main:116:5)",
  "exception": true,
  "date": "Fri Jun 05 2026 19:18:11 GMT+0530 (India Standard Time)",
  "process": {
    "pid": 4200,
    "uid": null,
    "gid": null,
    "cwd": "C:\\Users\\DELL\\NexaSphere\\server",
    "execPath": "C:\\Program Files\\nodejs\\node.exe",
    "version": "v22.14.0",
    "argv": [
      "C:\\Program Files\\nodejs\\node.exe",
      "C:\\Users\\DELL\\NexaSphere\\server\\index.js"
    ],
    "memoryUsage": {
      "rss": 133222400,
      "heapTotal": 93786112,
      "heapUsed": 62380512,
      "external": 2705253,
      "arrayBuffers": 17283
    }
  },
  "os": {
    "loadavg": [
      0,
      0,
      0
    ],
    "uptime": 33771.296
  },
  "trace": [
    {
      "column": 32,
      "file": "file:///C:/Users/DELL/NexaSphere/server/index.js",
      "function": null,
      "line": 490,
      "method": null,
      "native": false
    },
    {
      "column": 25,
      "file": "node:internal/modules/esm/module_job",
      "function": "ModuleJob.run",
      "line": 271,
      "method": "run",
      "native": false
    },
    {
      "column": 26,
      "file": "node:internal/modules/esm/loader",
      "function": "async onImport.tracePromise.__proto__",
      "line": 578,
      "method": "__proto__",
      "native": false
    },
    {
      "column": 5,
      "file": "node:internal/modules/run_main",
      "function": "async asyncRunEntryPointWithESMLoader",
      "line": 116,
      "method": null,
      "native": false
    }
  ]
}
2026-06-05 19:20:43 [error]: uncaughtException: eventsController is not defined
ReferenceError: eventsController is not defined
    at file:///C:/Users/DELL/NexaSphere/server/index.js:492:32 {
  "error": {},
  "stack": "ReferenceError: eventsController is not defined\n    at file:///C:/Users/DELL/NexaSphere/server/index.js:492:32",
  "exception": true,
  "date": "Fri Jun 05 2026 19:20:43 GMT+0530 (India Standard Time)",
  "process": {
    "pid": 13860,
    "uid": null,
    "gid": null,
    "cwd": "C:\\Users\\DELL\\NexaSphere\\server",
    "execPath": "C:\\Program Files\\nodejs\\node.exe",
    "version": "v22.14.0",
    "argv": [
      "C:\\Program Files\\nodejs\\node.exe",
      "C:\\Users\\DELL\\NexaSphere\\server\\index.js"
    ],
    "memoryUsage": {
      "rss": 132145152,
      "heapTotal": 92737536,
      "heapUsed": 66732504,
      "external": 2715105,
      "arrayBuffers": 27135
    }
  },
  "os": {
    "loadavg": [
      0,
      0,
      0
    ],
    "uptime": 33923.218
  },
  "trace": [
    {
      "column": 32,
      "file": "file:///C:/Users/DELL/NexaSphere/server/index.js",
      "function": null,
      "line": 492,
      "method": null,
      "native": false
    }
  ]
}
2026-06-05 19:21:29 [error]: uncaughtException: eventsController is not defined
ReferenceError: eventsController is not defined
    at file:///C:/Users/DELL/NexaSphere/server/index.js:492:32 {
  "error": {},
  "stack": "ReferenceError: eventsController is not defined\n    at file:///C:/Users/DELL/NexaSphere/server/index.js:492:32",
  "exception": true,
  "date": "Fri Jun 05 2026 19:21:29 GMT+0530 (India Standard Time)",
  "process": {
    "pid": 12752,
    "uid": null,
    "gid": null,
    "cwd": "C:\\Users\\DELL\\NexaSphere\\server",
    "execPath": "C:\\Program Files\\nodejs\\node.exe",
    "version": "v22.14.0",
    "argv": [
      "C:\\Program Files\\nodejs\\node.exe",
      "C:\\Users\\DELL\\NexaSphere\\server\\index.js"
    ],
    "memoryUsage": {
      "rss": 132087808,
      "heapTotal": 92999680,
      "heapUsed": 67031424,
      "external": 2715105,
      "arrayBuffers": 27135
    }
  },
  "os": {
    "loadavg": [
      0,
      0,
      0
    ],
    "uptime": 33969.14
  },
  "trace": [
    {
      "column": 32,
      "file": "file:///C:/Users/DELL/NexaSphere/server/index.js",
      "function": null,
      "line": 492,
      "method": null,
      "native": false
    }
  ]
}
2026-06-05 19:22:07 [error]: uncaughtException: eventsController is not defined
ReferenceError: eventsController is not defined
    at file:///C:/Users/DELL/NexaSphere/server/index.js:492:32 {
  "error": {},
  "stack": "ReferenceError: eventsController is not defined\n    at file:///C:/Users/DELL/NexaSphere/server/index.js:492:32",
  "exception": true,
  "date": "Fri Jun 05 2026 19:22:07 GMT+0530 (India Standard Time)",
  "process": {
    "pid": 15140,
    "uid": null,
    "gid": null,
    "cwd": "C:\\Users\\DELL\\NexaSphere\\server",
    "execPath": "C:\\Program Files\\nodejs\\node.exe",
    "version": "v22.14.0",
    "argv": [
      "C:\\Program Files\\nodejs\\node.exe",
      "C:\\Users\\DELL\\NexaSphere\\server\\index.js"
    ],
    "memoryUsage": {
      "rss": 131883008,
      "heapTotal": 92737536,
      "heapUsed": 67027640,
      "external": 2715105,
      "arrayBuffers": 27135
    }
  },
  "os": {
    "loadavg": [
      0,
      0,
      0
    ],
    "uptime": 34007.859
  },
  "trace": [
    {
      "column": 32,
      "file": "file:///C:/Users/DELL/NexaSphere/server/index.js",
      "function": null,
      "line": 492,
      "method": null,
      "native": false
    }
  ]
}
2026-06-05 19:42:00 [error]: uncaughtException: Route.post() requires a callback function but got a [object Undefined]
Error: Route.post() requires a callback function but got a [object Undefined]
    at Route.<computed> [as post] (C:\Users\DELL\NexaSphere\server\node_modules\express\lib\router\route.js:216:15)
    at app.<computed> [as post] (C:\Users\DELL\NexaSphere\server\node_modules\express\lib\application.js:499:19)
    at file:///C:/Users/DELL/NexaSphere/server/index.js:504:5 {
  "error": {},
  "stack": "Error: Route.post() requires a callback function but got a [object Undefined]\n    at Route.<computed> [as post] (C:\\Users\\DELL\\NexaSphere\\server\\node_modules\\express\\lib\\router\\route.js:216:15)\n    at app.<computed> [as post] (C:\\Users\\DELL\\NexaSphere\\server\\node_modules\\express\\lib\\application.js:499:19)\n    at file:///C:/Users/DELL/NexaSphere/server/index.js:504:5",
  "exception": true,
  "date": "Fri Jun 05 2026 19:42:00 GMT+0530 (India Standard Time)",
  "process": {
    "pid": 9772,
    "uid": null,
    "gid": null,
    "cwd": "C:\\Users\\DELL\\NexaSphere\\server",
    "execPath": "C:\\Program Files\\nodejs\\node.exe",
    "version": "v22.14.0",
    "argv": [
      "C:\\Program Files\\nodejs\\node.exe",
      "C:\\Users\\DELL\\NexaSphere\\server\\index.js"
    ],
    "memoryUsage": {
      "rss": 134033408,
      "heapTotal": 98242560,
      "heapUsed": 60025056,
      "external": 2715105,
      "arrayBuffers": 27135
    }
  },
  "os": {
    "loadavg": [
      0,
      0,
      0
    ],
    "uptime": 35200.25
  },
  "trace": [
    {
      "column": 15,
      "file": "C:\\Users\\DELL\\NexaSphere\\server\\node_modules\\express\\lib\\router\\route.js",
      "function": "Route.<computed> [as post]",
      "line": 216,
      "method": "<computed> [as post]",
      "native": false
    },
    {
      "column": 19,
      "file": "C:\\Users\\DELL\\NexaSphere\\server\\node_modules\\express\\lib\\application.js",
      "function": "app.<computed> [as post]",
      "line": 499,
      "method": "<computed> [as post]",
      "native": false
    },
    {
      "column": 5,
      "file": "file:///C:/Users/DELL/NexaSphere/server/index.js",
      "function": null,
      "line": 504,
      "method": null,
      "native": false
    }
  ]
}
2026-06-05 19:46:20 [error]: uncaughtException: listen EADDRINUSE: address already in use :::3001
Error: listen EADDRINUSE: address already in use :::3001
    at Server.setupListenHandle [as _listen2] (node:net:1937:16)
    at listenInCluster (node:net:1994:12)
    at Server.listen (node:net:2099:7)
    at Function.listen (C:\Users\DELL\NexaSphere\server\node_modules\express\lib\application.js:635:24)
    at file:///C:/Users/DELL/NexaSphere/server/index.js:538:9 {
  "error": {
    "code": "EADDRINUSE",
    "errno": -4091,
    "syscall": "listen",
    "address": "::",
    "port": 3001
  },
  "stack": "Error: listen EADDRINUSE: address already in use :::3001\n    at Server.setupListenHandle [as _listen2] (node:net:1937:16)\n    at listenInCluster (node:net:1994:12)\n    at Server.listen (node:net:2099:7)\n    at Function.listen (C:\\Users\\DELL\\NexaSphere\\server\\node_modules\\express\\lib\\application.js:635:24)\n    at file:///C:/Users/DELL/NexaSphere/server/index.js:538:9",
  "exception": true,
  "date": "Fri Jun 05 2026 19:46:20 GMT+0530 (India Standard Time)",
  "process": {
    "pid": 3968,
    "uid": null,
    "gid": null,
    "cwd": "C:\\Users\\DELL\\NexaSphere\\server",
    "execPath": "C:\\Program Files\\nodejs\\node.exe",
    "version": "v22.14.0",
    "argv": [
      "C:\\Program Files\\nodejs\\node.exe",
      "C:\\Users\\DELL\\NexaSphere\\server\\index.js"
    ],
    "memoryUsage": {
      "rss": 134156288,
      "heapTotal": 97456128,
      "heapUsed": 60146136,
      "external": 2734636,
      "arrayBuffers": 27535
    }
  },
  "os": {
    "loadavg": [
      0,
      0,
      0
    ],
    "uptime": 35460.593
  },
  "trace": [
    {
      "column": 16,
      "file": "node:net",
      "function": "Server.setupListenHandle [as _listen2]",
      "line": 1937,
      "method": "setupListenHandle [as _listen2]",
      "native": false
    },
    {
      "column": 12,
      "file": "node:net",
      "function": "listenInCluster",
      "line": 1994,
      "method": null,
      "native": false
    },
    {
      "column": 7,
      "file": "node:net",
      "function": "Server.listen",
      "line": 2099,
      "method": "listen",
      "native": false
    },
    {
      "column": 24,
      "file": "C:\\Users\\DELL\\NexaSphere\\server\\node_modules\\express\\lib\\application.js",
      "function": "Function.listen",
      "line": 635,
      "method": "listen",
      "native": false
    },
    {
      "column": 9,
      "file": "file:///C:/Users/DELL/NexaSphere/server/index.js",
      "function": null,
      "line": 538,
      "method": null,
      "native": false
    }
  ]
}
